<?xml version="1.0" encoding="UTF-8"?>
<testng-results ignored="0" total="1" passed="1" failed="0" skipped="0">
  <reporter-output>
  </reporter-output>
  <suite started-at="2022-11-12T13:41:59 IST" name="Suite" finished-at="2022-11-12T13:42:05 IST" duration-ms="6463">
    <groups>
    </groups>
    <test started-at="2022-11-12T13:41:59 IST" name="Test" finished-at="2022-11-12T13:42:05 IST" duration-ms="6463">
      <class name="com.abc.Tests.LandingPageFactoryTest">
        <test-method signature="TC_002()[pri:0, instance:com.abc.Tests.LandingPageFactoryTest@6a84a97d]" started-at="2022-11-12T13:41:59 IST" name="TC_002" finished-at="2022-11-12T13:42:05 IST" duration-ms="6365" status="PASS">
          <reporter-output>
          </reporter-output>
        </test-method> <!-- TC_002 -->
      </class> <!-- com.abc.Tests.LandingPageFactoryTest -->
    </test> <!-- Test -->
  </suite> <!-- Suite -->
</testng-results>
